<?xml version="1.0" encoding="UTF-8"?>
<!-- Generated by org.testng.reporters.JUnitReportReporter -->
<testsuite hostname="DESKTOP-8F9QOOU" failures="0" tests="1" name="com.actitime.testscript.ZoHoCrm" time="10.608" errors="0" timestamp="2022-08-27T23:58:07 IST" skipped="0">
  <testcase classname="com.actitime.testscript.ZoHoCrm" name="loginCrm" time="10.608"/>
  <system-out/>
</testsuite> <!-- com.actitime.testscript.ZoHoCrm -->
